GROUP,PACKAGE,CLASS,INSTRUCTION_MISSED,INSTRUCTION_COVERED,BRANCH_MISSED,BRANCH_COVERED,LINE_MISSED,LINE_COVERED,COMPLEXITY_MISSED,COMPLEXITY_COVERED,METHOD_MISSED,METHOD_COVERED
docencia-notes,org.docencia.hotel,HotelApplication,8,0,0,0,3,0,2,0,2,0
docencia-notes,org.docencia.hotel.domain.model,Room,103,0,4,0,40,0,18,0,16,0
docencia-notes,org.docencia.hotel.domain.model,Hotel,27,65,0,4,7,23,4,11,4,9
docencia-notes,org.docencia.hotel.domain.model,Booking,90,0,4,0,34,0,16,0,14,0
docencia-notes,org.docencia.hotel.domain.model,Guest,90,0,4,0,35,0,16,0,14,0
